<?xml version="1.0" encoding="UTF-8"?>
<!-- Generated by org.testng.reporters.JUnitReportReporter -->
<testsuite hostname="DESKTOP-H0PI4DT" failures="0" tests="1" name="actionExample.RightClickDoubleClickTest" time="4.246" errors="0" timestamp="2022-07-15T16:31:29 IST" skipped="0">
  <testcase classname="actionExample.RightClickDoubleClickTest" name="DoubleClickTest" time="4.246"/>
  <system-out/>
</testsuite> <!-- actionExample.RightClickDoubleClickTest -->
