<?xml version="1.0" encoding="UTF-8"?>
<!-- Generated by org.testng.reporters.JUnitReportReporter -->
<testsuite hostname="DESKTOP-H0PI4DT" failures="0" tests="1" name="hrmAppExample.HRMLoginTest_Config" time="5.794" errors="0" timestamp="2022-07-16T10:44:17 IST" skipped="0">
  <testcase classname="hrmAppExample.HRMLoginTest_Config" name="login" time="5.794"/>
  <system-out/>
</testsuite> <!-- hrmAppExample.HRMLoginTest_Config -->
