<?xml version="1.0" encoding="UTF-8"?>
<!-- Generated by org.testng.reporters.JUnitReportReporter -->
<testsuite hostname="DESKTOP-H0PI4DT" failures="0" tests="1" name="actionExample.DragDropTestExample" time="0.922" errors="0" timestamp="2022-07-15T16:12:18 IST" skipped="0">
  <testcase classname="actionExample.DragDropTestExample" name="dragdropTest1" time="0.922"/>
  <system-out/>
</testsuite> <!-- actionExample.DragDropTestExample -->
