<?xml version="1.0" encoding="UTF-8"?>
<!-- Generated by org.testng.reporters.JUnitReportReporter -->
<testsuite hostname="DESKTOP-H0PI4DT" failures="0" tests="1" name="attendanceSheet.IRCTCApplication" time="0.436" errors="0" timestamp="2022-07-16T12:08:12 IST" skipped="0">
  <testcase classname="attendanceSheet.IRCTCApplication" name="verifySign" time="0.436"/>
  <system-out/>
</testsuite> <!-- attendanceSheet.IRCTCApplication -->
