<?xml version="1.0" encoding="UTF-8"?>
<!-- Generated by org.testng.reporters.JUnitReportReporter -->
<testsuite hostname="DESKTOP-H0PI4DT" failures="0" tests="1" name="controlExample.PaytMExample" time="1.697" errors="0" timestamp="2022-07-15T15:45:03 IST" skipped="0">
  <testcase classname="controlExample.PaytMExample" name="verifySign" time="1.697"/>
  <system-out/>
</testsuite> <!-- controlExample.PaytMExample -->
