<?xml version="1.0" encoding="UTF-8"?>
<!-- Generated by org.testng.reporters.JUnitReportReporter -->
<testsuite hostname="Prince-Dwivedi" failures="0" tests="4" name="crossBrowserTesting.HRMLoginTest" time="12.956" errors="0" timestamp="2022-07-21T23:13:52 IST" skipped="0">
  <testcase classname="crossBrowserTesting.HRMLoginTest" name="login" time="5.610"/>
  <system-out/>
  <testcase classname="crossBrowserTesting.HRMLoginTest" name="login" time="5.280"/>
  <system-out/>
  <testcase classname="crossBrowserTesting.HRMLoginTest" name="logout" time="1.051"/>
  <system-out/>
  <testcase classname="crossBrowserTesting.HRMLoginTest" name="logout" time="1.015"/>
  <system-out/>
</testsuite> <!-- crossBrowserTesting.HRMLoginTest -->
