<?xml version="1.0" encoding="UTF-8"?>
<!-- Generated by org.testng.reporters.JUnitReportReporter -->
<testsuite hostname="DESKTOP-H0PI4DT" failures="0" tests="1" name="actionExample.DragDropTestExample2" time="2.474" errors="0" timestamp="2022-07-15T16:21:47 IST" skipped="0">
  <testcase classname="actionExample.DragDropTestExample2" name="dragdropTest1" time="2.474"/>
  <system-out/>
</testsuite> <!-- actionExample.DragDropTestExample2 -->
