<?xml version="1.0" encoding="UTF-8"?>
<!-- Generated by org.testng.reporters.JUnitReportReporter -->
<testsuite hostname="DESKTOP-H0PI4DT" failures="0" tests="1" name="controlExample.IRCTCApplication" time="26.401" errors="0" timestamp="2022-07-16T11:43:32 IST" skipped="0">
  <testcase classname="controlExample.IRCTCApplication" name="verifySign" time="26.401"/>
  <system-out/>
</testsuite> <!-- controlExample.IRCTCApplication -->
