<?xml version="1.0" encoding="UTF-8"?>
<!-- Generated by org.testng.reporters.JUnitReportReporter -->
<testsuite hostname="Prince-Dwivedi" failures="0" tests="4" name="crossBrowserTesting.HRMLoginTest" time="12.857" errors="0" timestamp="2022-07-22T01:19:23 IST" skipped="0">
  <testcase classname="crossBrowserTesting.HRMLoginTest" name="login" time="5.164"/>
  <system-out/>
  <testcase classname="crossBrowserTesting.HRMLoginTest" name="login" time="4.909"/>
  <system-out/>
  <testcase classname="crossBrowserTesting.HRMLoginTest" name="logout" time="1.291"/>
  <system-out/>
  <testcase classname="crossBrowserTesting.HRMLoginTest" name="logout" time="1.493"/>
  <system-out/>
</testsuite> <!-- crossBrowserTesting.HRMLoginTest -->
